<?xml version="1.0" encoding="UTF-8"?>
<!-- Generated by org.testng.reporters.JUnitReportReporter -->
<testsuite hostname="THOTTALG1" name="Test1" tests="1" failures="0" timestamp="21 May 2016 11:55:12 GMT" time="19.021" errors="0">
  <testcase name="method1" time="19.021" classname="Test1"/>
</testsuite> <!-- Test1 -->
