<?xml version="1.0" encoding="UTF-8"?>
<!-- Generated by org.testng.reporters.JUnitReportReporter -->
<testsuite hostname="THOTTALG1" name="Pack1.Test1" tests="1" failures="0" timestamp="21 May 2016 16:54:14 GMT" time="2.438" errors="0">
  <testcase name="method1" time="2.438" classname="Pack1.Test1"/>
</testsuite> <!-- Pack1.Test1 -->
